< program >
   1: 
   2: # A program to compute the greatest common divisor
   3: # of two numbers, i.e., the biggest number by which
   4: # two numbers can be divided without a remainder.
   5: 
   6: def GCD (m, n):
  < statement >
    < func def >
      < name >
      </ name >
      < name >
      </ name >
      < name >
      </ name >
      < suite >
   7:    if n == 0:
        < statement >
          < if >
            < expr >
              < and test >
                < not test >
                  < comparison >
                    < term >
                      < factor >
                        < primary >
                          < atom >
                            < name >
                            </ name >
                          </ atom >
                        </ primary >
                      </ factor >
                    </ term >
                    < comp op >
                    </ comp op >
                    < term >
                      < factor >
                        < primary >
                          < atom >
                            < integer >
                            </ integer >
                          </ atom >
                        </ primary >
                      </ factor >
                    </ term >
                  </ comparison >
                </ not test >
              </ and test >
            </ expr >
            < suite >
   8:       return m
              < statement >
                < return >
                  < expr >
                    < and test >
                      < not test >
                        < comparison >
                          < term >
                            < factor >
                              < primary >
                                < atom >
                                  < name >
                                  </ name >
                                </ atom >
                              </ primary >
                            </ factor >
                          </ term >
                        </ comparison >
                      </ not test >
                    </ and test >
                  </ expr >
                </ return >
              </ statement >
   9:    else:
            </ suite >
            < suite >
  10:       return GCD(n, m % n)
              < statement >
                < return >
                  < expr >
                    < and test >
                      < not test >
                        < comparison >
                          < term >
                            < factor >
                              < primary >
                                < atom >
                                  < name >
                                  </ name >
                                </ atom >
                                < primary suffix >
                                  < argument >
                                    < expr >
                                      < and test >
                                        < not test >
                                          < comparison >
                                            < term >
                                              < factor >
                                                < primary >
                                                  < atom >
                                                    < name >
                                                    </ name >
                                                  </ atom >
                                                </ primary >
                                              </ factor >
                                            </ term >
                                          </ comparison >
                                        </ not test >
                                      </ and test >
                                    </ expr >
                                    < expr >
                                      < and test >
                                        < not test >
                                          < comparison >
                                            < term >
                                              < factor >
                                                < primary >
                                                  < atom >
                                                    < name >
                                                    </ name >
                                                  </ atom >
                                                </ primary >
                                                < factor op >
                                                </ factor op >
                                                < primary >
                                                  < atom >
                                                    < name >
                                                    </ name >
                                                  </ atom >
                                                </ primary >
                                              </ factor >
                                            </ term >
                                          </ comparison >
                                        </ not test >
                                      </ and test >
                                    </ expr >
                                  </ argument >
                                </ primary suffix >
                              </ primary >
                            </ factor >
                          </ term >
                        </ comparison >
                      </ not test >
                    </ and test >
                  </ expr >
                </ return >
              </ statement >
  11: 
  12: v1 = int(input("A number: "))
            </ suite >
          </ if >
        </ statement >
      </ suite >
    </ func def >
  </ statement >
  < statement >
    < assign >
      < name >
      </ name >
      < expr >
        < and test >
          < not test >
            < comparison >
              < term >
                < factor >
                  < primary >
                    < atom >
                      < name >
                      </ name >
                    </ atom >
                    < primary suffix >
                      < argument >
                        < expr >
                          < and test >
                            < not test >
                              < comparison >
                                < term >
                                  < factor >
                                    < primary >
                                      < atom >
                                        < name >
                                        </ name >
                                      </ atom >
                                      < primary suffix >
                                        < argument >
                                          < expr >
                                            < and test >
                                              < not test >
                                                < comparison >
                                                  < term >
                                                    < factor >
                                                      < primary >
                                                        < atom >
                                                          < string >
                                                          </ string >
                                                        </ atom >
                                                      </ primary >
                                                    </ factor >
                                                  </ term >
                                                </ comparison >
                                              </ not test >
                                            </ and test >
                                          </ expr >
                                        </ argument >
                                      </ primary suffix >
                                    </ primary >
                                  </ factor >
                                </ term >
                              </ comparison >
                            </ not test >
                          </ and test >
                        </ expr >
                      </ argument >
                    </ primary suffix >
                  </ primary >
                </ factor >
              </ term >
            </ comparison >
          </ not test >
        </ and test >
      </ expr >
    </ assign >
  </ statement >
  13: v2 = int(input("Another number: "))
  < statement >
    < assign >
      < name >
      </ name >
      < expr >
        < and test >
          < not test >
            < comparison >
              < term >
                < factor >
                  < primary >
                    < atom >
                      < name >
                      </ name >
                    </ atom >
                    < primary suffix >
                      < argument >
                        < expr >
                          < and test >
                            < not test >
                              < comparison >
                                < term >
                                  < factor >
                                    < primary >
                                      < atom >
                                        < name >
                                        </ name >
                                      </ atom >
                                      < primary suffix >
                                        < argument >
                                          < expr >
                                            < and test >
                                              < not test >
                                                < comparison >
                                                  < term >
                                                    < factor >
                                                      < primary >
                                                        < atom >
                                                          < string >
                                                          </ string >
                                                        </ atom >
                                                      </ primary >
                                                    </ factor >
                                                  </ term >
                                                </ comparison >
                                              </ not test >
                                            </ and test >
                                          </ expr >
                                        </ argument >
                                      </ primary suffix >
                                    </ primary >
                                  </ factor >
                                </ term >
                              </ comparison >
                            </ not test >
                          </ and test >
                        </ expr >
                      </ argument >
                    </ primary suffix >
                  </ primary >
                </ factor >
              </ term >
            </ comparison >
          </ not test >
        </ and test >
      </ expr >
    </ assign >
  </ statement >
  14: 
  15: res = GCD(v1,v2)
  < statement >
    < assign >
      < name >
      </ name >
      < expr >
        < and test >
          < not test >
            < comparison >
              < term >
                < factor >
                  < primary >
                    < atom >
                      < name >
                      </ name >
                    </ atom >
                    < primary suffix >
                      < argument >
                        < expr >
                          < and test >
                            < not test >
                              < comparison >
                                < term >
                                  < factor >
                                    < primary >
                                      < atom >
                                        < name >
                                        </ name >
                                      </ atom >
                                    </ primary >
                                  </ factor >
                                </ term >
                              </ comparison >
                            </ not test >
                          </ and test >
                        </ expr >
                        < expr >
                          < and test >
                            < not test >
                              < comparison >
                                < term >
                                  < factor >
                                    < primary >
                                      < atom >
                                        < name >
                                        </ name >
                                      </ atom >
                                    </ primary >
                                  </ factor >
                                </ term >
                              </ comparison >
                            </ not test >
                          </ and test >
                        </ expr >
                      </ argument >
                    </ primary suffix >
                  </ primary >
                </ factor >
              </ term >
            </ comparison >
          </ not test >
        </ and test >
      </ expr >
    </ assign >
  </ statement >
  16: print('GCD('+str(v1)+','+str(v2)+') =', res)
  < statement >
    < expr stmt >
      < expr >
        < and test >
          < not test >
            < comparison >
              < term >
                < factor >
                  < primary >
                    < atom >
                      < name >
                      </ name >
                    </ atom >
                    < primary suffix >
                      < argument >
                        < expr >
                          < and test >
                            < not test >
                              < comparison >
                                < term >
                                  < factor >
                                    < primary >
                                      < atom >
                                        < string >
                                        </ string >
                                      </ atom >
                                    </ primary >
                                  </ factor >
                                  < term op >
                                  </ term op >
                                  < factor >
                                    < primary >
                                      < atom >
                                        < name >
                                        </ name >
                                      </ atom >
                                      < primary suffix >
                                        < argument >
                                          < expr >
                                            < and test >
                                              < not test >
                                                < comparison >
                                                  < term >
                                                    < factor >
                                                      < primary >
                                                        < atom >
                                                          < name >
                                                          </ name >
                                                        </ atom >
                                                      </ primary >
                                                    </ factor >
                                                  </ term >
                                                </ comparison >
                                              </ not test >
                                            </ and test >
                                          </ expr >
                                        </ argument >
                                      </ primary suffix >
                                    </ primary >
                                  </ factor >
                                  < term op >
                                  </ term op >
                                  < factor >
                                    < primary >
                                      < atom >
                                        < string >
                                        </ string >
                                      </ atom >
                                    </ primary >
                                  </ factor >
                                  < term op >
                                  </ term op >
                                  < factor >
                                    < primary >
                                      < atom >
                                        < name >
                                        </ name >
                                      </ atom >
                                      < primary suffix >
                                        < argument >
                                          < expr >
                                            < and test >
                                              < not test >
                                                < comparison >
                                                  < term >
                                                    < factor >
                                                      < primary >
                                                        < atom >
                                                          < name >
                                                          </ name >
                                                        </ atom >
                                                      </ primary >
                                                    </ factor >
                                                  </ term >
                                                </ comparison >
                                              </ not test >
                                            </ and test >
                                          </ expr >
                                        </ argument >
                                      </ primary suffix >
                                    </ primary >
                                  </ factor >
                                  < term op >
                                  </ term op >
                                  < factor >
                                    < primary >
                                      < atom >
                                        < string >
                                        </ string >
                                      </ atom >
                                    </ primary >
                                  </ factor >
                                </ term >
                              </ comparison >
                            </ not test >
                          </ and test >
                        </ expr >
                        < expr >
                          < and test >
                            < not test >
                              < comparison >
                                < term >
                                  < factor >
                                    < primary >
                                      < atom >
                                        < name >
                                        </ name >
                                      </ atom >
                                    </ primary >
                                  </ factor >
                                </ term >
                              </ comparison >
                            </ not test >
                          </ and test >
                        </ expr >
                      </ argument >
                    </ primary suffix >
                  </ primary >
                </ factor >
              </ term >
            </ comparison >
          </ not test >
        </ and test >
      </ expr >
    </ expr stmt >
  </ statement >
</ program >
PP>  
PP> def GCD(mn):
PP>   if n == 0:
PP>     return m
PP>   else:
PP>     return GCD(n, m % n)
PP>  
PP> v1 = int(input("A number: "))
PP> v2 = int(input("Another number: "))
PP> res = GCD(v1, v2)
PP> print("GCD(" + str(v1) + "," + str(v2) + ") =", res)
