< program >
   1: # Using Heron's method of computing the square root.
   2: # Ref: http://en.wikipedia.org/wiki/Methods_of_computing_square_roots
   3: # --- 
   4: 
   5: def pow (a, b):
  < statement >
    < func def >
      < name >
      </ name >
      < name >
      </ name >
      < name >
      </ name >
      < suite >
   6:   if b > 1:
        < statement >
          < if >
            < expr >
              < and test >
                < not test >
                  < comparison >
                    < term >
                      < factor >
                        < primary >
                          < atom >
                            < name >
                            </ name >
                          </ atom >
                        </ primary >
                      </ factor >
                    </ term >
                    < comp op >
                    </ comp op >
                    < term >
                      < factor >
                        < primary >
                          < atom >
                            < integer >
                            </ integer >
                          </ atom >
                        </ primary >
                      </ factor >
                    </ term >
                  </ comparison >
                </ not test >
              </ and test >
            </ expr >
            < suite >
   7:     return pow(a,b-1) * a
              < statement >
                < return >
                  < expr >
                    < and test >
                      < not test >
                        < comparison >
                          < term >
                            < factor >
                              < primary >
                                < atom >
                                  < name >
                                  </ name >
                                </ atom >
                                < primary suffix >
                                  < argument >
                                    < expr >
                                      < and test >
                                        < not test >
                                          < comparison >
                                            < term >
                                              < factor >
                                                < primary >
                                                  < atom >
                                                    < name >
                                                    </ name >
                                                  </ atom >
                                                </ primary >
                                              </ factor >
                                            </ term >
                                          </ comparison >
                                        </ not test >
                                      </ and test >
                                    </ expr >
                                    < expr >
                                      < and test >
                                        < not test >
                                          < comparison >
                                            < term >
                                              < factor >
                                                < primary >
                                                  < atom >
                                                    < name >
                                                    </ name >
                                                  </ atom >
                                                </ primary >
                                              </ factor >
                                              < term op >
                                              </ term op >
                                              < factor >
                                                < primary >
                                                  < atom >
                                                    < integer >
                                                    </ integer >
                                                  </ atom >
                                                </ primary >
                                              </ factor >
                                            </ term >
                                          </ comparison >
                                        </ not test >
                                      </ and test >
                                    </ expr >
                                  </ argument >
                                </ primary suffix >
                              </ primary >
                              < factor op >
                              </ factor op >
                              < primary >
                                < atom >
                                  < name >
                                  </ name >
                                </ atom >
                              </ primary >
                            </ factor >
                          </ term >
                        </ comparison >
                      </ not test >
                    </ and test >
                  </ expr >
   8:   elif b < 1:
                </ return >
              </ statement >
            </ suite >
            < expr >
              < and test >
                < not test >
                  < comparison >
                    < term >
                      < factor >
                        < primary >
                          < atom >
                            < name >
                            </ name >
                          </ atom >
                        </ primary >
                      </ factor >
                    </ term >
                    < comp op >
                    </ comp op >
                    < term >
                      < factor >
                        < primary >
                          < atom >
                            < integer >
                            </ integer >
                          </ atom >
                        </ primary >
                      </ factor >
                    </ term >
                  </ comparison >
                </ not test >
              </ and test >
            </ expr >
            < suite >
   9:     return pow(a,b+1) / a
              < statement >
                < return >
                  < expr >
                    < and test >
                      < not test >
                        < comparison >
                          < term >
                            < factor >
                              < primary >
                                < atom >
                                  < name >
                                  </ name >
                                </ atom >
                                < primary suffix >
                                  < argument >
                                    < expr >
                                      < and test >
                                        < not test >
                                          < comparison >
                                            < term >
                                              < factor >
                                                < primary >
                                                  < atom >
                                                    < name >
                                                    </ name >
                                                  </ atom >
                                                </ primary >
                                              </ factor >
                                            </ term >
                                          </ comparison >
                                        </ not test >
                                      </ and test >
                                    </ expr >
                                    < expr >
                                      < and test >
                                        < not test >
                                          < comparison >
                                            < term >
                                              < factor >
                                                < primary >
                                                  < atom >
                                                    < name >
                                                    </ name >
                                                  </ atom >
                                                </ primary >
                                              </ factor >
                                              < term op >
                                              </ term op >
                                              < factor >
                                                < primary >
                                                  < atom >
                                                    < integer >
                                                    </ integer >
                                                  </ atom >
                                                </ primary >
                                              </ factor >
                                            </ term >
                                          </ comparison >
                                        </ not test >
                                      </ and test >
                                    </ expr >
                                  </ argument >
                                </ primary suffix >
                              </ primary >
                              < factor op >
                              </ factor op >
                              < primary >
                                < atom >
                                  < name >
                                  </ name >
                                </ atom >
                              </ primary >
                            </ factor >
                          </ term >
                        </ comparison >
                      </ not test >
                    </ and test >
                  </ expr >
  10:   else:
                </ return >
              </ statement >
            </ suite >
            < suite >
  11:     return a
              < statement >
                < return >
                  < expr >
                    < and test >
                      < not test >
                        < comparison >
                          < term >
                            < factor >
                              < primary >
                                < atom >
                                  < name >
                                  </ name >
                                </ atom >
                              </ primary >
                            </ factor >
                          </ term >
                        </ comparison >
                      </ not test >
                    </ and test >
                  </ expr >
  12:   
  13: 
  14: def rough_log (x):
                </ return >
              </ statement >
            </ suite >
          </ if >
        </ statement >
      </ suite >
    </ func def >
  </ statement >
  < statement >
    < func def >
      < name >
      </ name >
      < name >
      </ name >
      < suite >
  15:   if x > 10:
        < statement >
          < if >
            < expr >
              < and test >
                < not test >
                  < comparison >
                    < term >
                      < factor >
                        < primary >
                          < atom >
                            < name >
                            </ name >
                          </ atom >
                        </ primary >
                      </ factor >
                    </ term >
                    < comp op >
                    </ comp op >
                    < term >
                      < factor >
                        < primary >
                          < atom >
                            < integer >
                            </ integer >
                          </ atom >
                        </ primary >
                      </ factor >
                    </ term >
                  </ comparison >
                </ not test >
              </ and test >
            </ expr >
            < suite >
  16:     return rough_log(x/10) + 1
              < statement >
                < return >
                  < expr >
                    < and test >
                      < not test >
                        < comparison >
                          < term >
                            < factor >
                              < primary >
                                < atom >
                                  < name >
                                  </ name >
                                </ atom >
                                < primary suffix >
                                  < argument >
                                    < expr >
                                      < and test >
                                        < not test >
                                          < comparison >
                                            < term >
                                              < factor >
                                                < primary >
                                                  < atom >
                                                    < name >
                                                    </ name >
                                                  </ atom >
                                                </ primary >
                                                < factor op >
                                                </ factor op >
                                                < primary >
                                                  < atom >
                                                    < integer >
                                                    </ integer >
                                                  </ atom >
                                                </ primary >
                                              </ factor >
                                            </ term >
                                          </ comparison >
                                        </ not test >
                                      </ and test >
                                    </ expr >
                                  </ argument >
                                </ primary suffix >
                              </ primary >
                            </ factor >
                            < term op >
                            </ term op >
                            < factor >
                              < primary >
                                < atom >
                                  < integer >
                                  </ integer >
                                </ atom >
                              </ primary >
                            </ factor >
                          </ term >
                        </ comparison >
                      </ not test >
                    </ and test >
                  </ expr >
  17:   if x < 0.1:
                </ return >
              </ statement >
            </ suite >
          </ if >
        </ statement >
        < statement >
          < if >
            < expr >
              < and test >
                < not test >
                  < comparison >
                    < term >
                      < factor >
                        < primary >
                          < atom >
                            < name >
                            </ name >
                          </ atom >
                        </ primary >
                      </ factor >
                    </ term >
                    < comp op >
                    </ comp op >
                    < term >
                      < factor >
                        < primary >
                          < atom >
                            < float >
                            </ float >
                          </ atom >
                        </ primary >
                      </ factor >
                    </ term >
                  </ comparison >
                </ not test >
              </ and test >
            </ expr >
            < suite >
  18:     return rough_log(x*10) - 1
              < statement >
                < return >
                  < expr >
                    < and test >
                      < not test >
                        < comparison >
                          < term >
                            < factor >
                              < primary >
                                < atom >
                                  < name >
                                  </ name >
                                </ atom >
                                < primary suffix >
                                  < argument >
                                    < expr >
                                      < and test >
                                        < not test >
                                          < comparison >
                                            < term >
                                              < factor >
                                                < primary >
                                                  < atom >
                                                    < name >
                                                    </ name >
                                                  </ atom >
                                                </ primary >
                                                < factor op >
                                                </ factor op >
                                                < primary >
                                                  < atom >
                                                    < integer >
                                                    </ integer >
                                                  </ atom >
                                                </ primary >
                                              </ factor >
                                            </ term >
                                          </ comparison >
                                        </ not test >
                                      </ and test >
                                    </ expr >
                                  </ argument >
                                </ primary suffix >
                              </ primary >
                            </ factor >
                            < term op >
                            </ term op >
                            < factor >
                              < primary >
                                < atom >
                                  < integer >
                                  </ integer >
                                </ atom >
                              </ primary >
                            </ factor >
                          </ term >
                        </ comparison >
                      </ not test >
                    </ and test >
                  </ expr >
  19:   return 1
                </ return >
              </ statement >
            </ suite >
          </ if >
        </ statement >
        < statement >
          < return >
            < expr >
              < and test >
                < not test >
                  < comparison >
                    < term >
                      < factor >
                        < primary >
                          < atom >
                            < integer >
                            </ integer >
                          </ atom >
                        </ primary >
                      </ factor >
                    </ term >
                  </ comparison >
                </ not test >
              </ and test >
            </ expr >
  20: 
  21: 
  22: def sqrt (v):
          </ return >
        </ statement >
      </ suite >
    </ func def >
  </ statement >
  < statement >
    < func def >
      < name >
      </ name >
      < name >
      </ name >
      < suite >
  23:   x = [0] * 12
        < statement >
          < assign >
            < name >
            </ name >
            < expr >
              < and test >
                < not test >
                  < comparison >
                    < term >
                      < factor >
                        < primary >
                          < atom >
                            < list >
                              < expr >
                                < and test >
                                  < not test >
                                    < comparison >
                                      < term >
                                        < factor >
                                          < primary >
                                            < atom >
                                              < integer >
                                              </ integer >
                                            </ atom >
                                          </ primary >
                                        </ factor >
                                      </ term >
                                    </ comparison >
                                  </ not test >
                                </ and test >
                              </ expr >
                            </ list >
                          </ atom >
                        </ primary >
                        < factor op >
                        </ factor op >
                        < primary >
                          < atom >
                            < integer >
                            </ integer >
                          </ atom >
                        </ primary >
                      </ factor >
                    </ term >
                  </ comparison >
                </ not test >
              </ and test >
            </ expr >
  24: 
  25:   d = rough_log(v)
          </ assign >
        </ statement >
        < statement >
          < assign >
            < name >
            </ name >
            < expr >
              < and test >
                < not test >
                  < comparison >
                    < term >
                      < factor >
                        < primary >
                          < atom >
                            < name >
                            </ name >
                          </ atom >
                          < primary suffix >
                            < argument >
                              < expr >
                                < and test >
                                  < not test >
                                    < comparison >
                                      < term >
                                        < factor >
                                          < primary >
                                            < atom >
                                              < name >
                                              </ name >
                                            </ atom >
                                          </ primary >
                                        </ factor >
                                      </ term >
                                    </ comparison >
                                  </ not test >
                                </ and test >
                              </ expr >
                            </ argument >
                          </ primary suffix >
                        </ primary >
                      </ factor >
                    </ term >
                  </ comparison >
                </ not test >
              </ and test >
            </ expr >
  26:   if d%2 == 1:
          </ assign >
        </ statement >
        < statement >
          < if >
            < expr >
              < and test >
                < not test >
                  < comparison >
                    < term >
                      < factor >
                        < primary >
                          < atom >
                            < name >
                            </ name >
                          </ atom >
                        </ primary >
                        < factor op >
                        </ factor op >
                        < primary >
                          < atom >
                            < integer >
                            </ integer >
                          </ atom >
                        </ primary >
                      </ factor >
                    </ term >
                    < comp op >
                    </ comp op >
                    < term >
                      < factor >
                        < primary >
                          < atom >
                            < integer >
                            </ integer >
                          </ atom >
                        </ primary >
                      </ factor >
                    </ term >
                  </ comparison >
                </ not test >
              </ and test >
            </ expr >
            < suite >
  27:     x[0] = pow(2*10, (d-1)//2)
              < statement >
                < assign >
                  < name >
                  </ name >
                  < subscrpt >
                    < expr >
                      < and test >
                        < not test >
                          < comparison >
                            < term >
                              < factor >
                                < primary >
                                  < atom >
                                    < integer >
                                    </ integer >
                                  </ atom >
                                </ primary >
                              </ factor >
                            </ term >
                          </ comparison >
                        </ not test >
                      </ and test >
                    </ expr >
                  </ subscrpt >
                  < expr >
                    < and test >
                      < not test >
                        < comparison >
                          < term >
                            < factor >
                              < primary >
                                < atom >
                                  < name >
                                  </ name >
                                </ atom >
                                < primary suffix >
                                  < argument >
                                    < expr >
                                      < and test >
                                        < not test >
                                          < comparison >
                                            < term >
                                              < factor >
                                                < primary >
                                                  < atom >
                                                    < integer >
                                                    </ integer >
                                                  </ atom >
                                                </ primary >
                                                < factor op >
                                                </ factor op >
                                                < primary >
                                                  < atom >
                                                    < integer >
                                                    </ integer >
                                                  </ atom >
                                                </ primary >
                                              </ factor >
                                            </ term >
                                          </ comparison >
                                        </ not test >
                                      </ and test >
                                    </ expr >
                                    < expr >
                                      < and test >
                                        < not test >
                                          < comparison >
                                            < term >
                                              < factor >
                                                < primary >
                                                  < atom >
                                                    < inner expr >
                                                      < expr >
                                                        < and test >
                                                          < not test >
                                                            < comparison >
                                                              < term >
                                                                < factor >
                                                                  < primary >
                                                                    < atom >
                                                                      < name >
                                                                      </ name >
                                                                    </ atom >
                                                                  </ primary >
                                                                </ factor >
                                                                < term op >
                                                                </ term op >
                                                                < factor >
                                                                  < primary >
                                                                    < atom >
                                                                      < integer >
                                                                      </ integer >
                                                                    </ atom >
                                                                  </ primary >
                                                                </ factor >
                                                              </ term >
                                                            </ comparison >
                                                          </ not test >
                                                        </ and test >
                                                      </ expr >
                                                    </ inner expr >
                                                  </ atom >
                                                </ primary >
                                                < factor op >
                                                </ factor op >
                                                < primary >
                                                  < atom >
                                                    < integer >
                                                    </ integer >
                                                  </ atom >
                                                </ primary >
                                              </ factor >
                                            </ term >
                                          </ comparison >
                                        </ not test >
                                      </ and test >
                                    </ expr >
                                  </ argument >
                                </ primary suffix >
                              </ primary >
                            </ factor >
                          </ term >
                        </ comparison >
                      </ not test >
                    </ and test >
                  </ expr >
  28:   else:
                </ assign >
              </ statement >
            </ suite >
            < suite >
  29:     x[0] = pow(6*10, (d-2)//2)
              < statement >
                < assign >
                  < name >
                  </ name >
                  < subscrpt >
                    < expr >
                      < and test >
                        < not test >
                          < comparison >
                            < term >
                              < factor >
                                < primary >
                                  < atom >
                                    < integer >
                                    </ integer >
                                  </ atom >
                                </ primary >
                              </ factor >
                            </ term >
                          </ comparison >
                        </ not test >
                      </ and test >
                    </ expr >
                  </ subscrpt >
                  < expr >
                    < and test >
                      < not test >
                        < comparison >
                          < term >
                            < factor >
                              < primary >
                                < atom >
                                  < name >
                                  </ name >
                                </ atom >
                                < primary suffix >
                                  < argument >
                                    < expr >
                                      < and test >
                                        < not test >
                                          < comparison >
                                            < term >
                                              < factor >
                                                < primary >
                                                  < atom >
                                                    < integer >
                                                    </ integer >
                                                  </ atom >
                                                </ primary >
                                                < factor op >
                                                </ factor op >
                                                < primary >
                                                  < atom >
                                                    < integer >
                                                    </ integer >
                                                  </ atom >
                                                </ primary >
                                              </ factor >
                                            </ term >
                                          </ comparison >
                                        </ not test >
                                      </ and test >
                                    </ expr >
                                    < expr >
                                      < and test >
                                        < not test >
                                          < comparison >
                                            < term >
                                              < factor >
                                                < primary >
                                                  < atom >
                                                    < inner expr >
                                                      < expr >
                                                        < and test >
                                                          < not test >
                                                            < comparison >
                                                              < term >
                                                                < factor >
                                                                  < primary >
                                                                    < atom >
                                                                      < name >
                                                                      </ name >
                                                                    </ atom >
                                                                  </ primary >
                                                                </ factor >
                                                                < term op >
                                                                </ term op >
                                                                < factor >
                                                                  < primary >
                                                                    < atom >
                                                                      < integer >
                                                                      </ integer >
                                                                    </ atom >
                                                                  </ primary >
                                                                </ factor >
                                                              </ term >
                                                            </ comparison >
                                                          </ not test >
                                                        </ and test >
                                                      </ expr >
                                                    </ inner expr >
                                                  </ atom >
                                                </ primary >
                                                < factor op >
                                                </ factor op >
                                                < primary >
                                                  < atom >
                                                    < integer >
                                                    </ integer >
                                                  </ atom >
                                                </ primary >
                                              </ factor >
                                            </ term >
                                          </ comparison >
                                        </ not test >
                                      </ and test >
                                    </ expr >
                                  </ argument >
                                </ primary suffix >
                              </ primary >
                            </ factor >
                          </ term >
                        </ comparison >
                      </ not test >
                    </ and test >
                  </ expr >
  30: 
  31:   for ix in range(0,11):
                </ assign >
              </ statement >
            </ suite >
          </ if >
        </ statement >
        < statement >
          < for >
            < name >
            </ name >
            < expr >
              < and test >
                < not test >
                  < comparison >
                    < term >
                      < factor >
                        < primary >
                          < atom >
                            < name >
                            </ name >
                          </ atom >
                          < primary suffix >
                            < argument >
                              < expr >
                                < and test >
                                  < not test >
                                    < comparison >
                                      < term >
                                        < factor >
                                          < primary >
                                            < atom >
                                              < integer >
                                              </ integer >
                                            </ atom >
                                          </ primary >
                                        </ factor >
                                      </ term >
                                    </ comparison >
                                  </ not test >
                                </ and test >
                              </ expr >
                              < expr >
                                < and test >
                                  < not test >
                                    < comparison >
                                      < term >
                                        < factor >
                                          < primary >
                                            < atom >
                                              < integer >
                                              </ integer >
                                            </ atom >
                                          </ primary >
                                        </ factor >
                                      </ term >
                                    </ comparison >
                                  </ not test >
                                </ and test >
                              </ expr >
                            </ argument >
                          </ primary suffix >
                        </ primary >
                      </ factor >
                    </ term >
                  </ comparison >
                </ not test >
              </ and test >
            </ expr >
            < suite >
  32:     x[ix+1] = (x[ix] + v/x[ix])/2
              < statement >
                < assign >
                  < name >
                  </ name >
                  < subscrpt >
                    < expr >
                      < and test >
                        < not test >
                          < comparison >
                            < term >
                              < factor >
                                < primary >
                                  < atom >
                                    < name >
                                    </ name >
                                  </ atom >
                                </ primary >
                              </ factor >
                              < term op >
                              </ term op >
                              < factor >
                                < primary >
                                  < atom >
                                    < integer >
                                    </ integer >
                                  </ atom >
                                </ primary >
                              </ factor >
                            </ term >
                          </ comparison >
                        </ not test >
                      </ and test >
                    </ expr >
                  </ subscrpt >
                  < expr >
                    < and test >
                      < not test >
                        < comparison >
                          < term >
                            < factor >
                              < primary >
                                < atom >
                                  < inner expr >
                                    < expr >
                                      < and test >
                                        < not test >
                                          < comparison >
                                            < term >
                                              < factor >
                                                < primary >
                                                  < atom >
                                                    < name >
                                                    </ name >
                                                  </ atom >
                                                  < primary suffix >
                                                    < subscrpt >
                                                      < expr >
                                                        < and test >
                                                          < not test >
                                                            < comparison >
                                                              < term >
                                                                < factor >
                                                                  < primary >
                                                                    < atom >
                                                                      < name >
                                                                      </ name >
                                                                    </ atom >
                                                                  </ primary >
                                                                </ factor >
                                                              </ term >
                                                            </ comparison >
                                                          </ not test >
                                                        </ and test >
                                                      </ expr >
                                                    </ subscrpt >
                                                  </ primary suffix >
                                                </ primary >
                                              </ factor >
                                              < term op >
                                              </ term op >
                                              < factor >
                                                < primary >
                                                  < atom >
                                                    < name >
                                                    </ name >
                                                  </ atom >
                                                </ primary >
                                                < factor op >
                                                </ factor op >
                                                < primary >
                                                  < atom >
                                                    < name >
                                                    </ name >
                                                  </ atom >
                                                  < primary suffix >
                                                    < subscrpt >
                                                      < expr >
                                                        < and test >
                                                          < not test >
                                                            < comparison >
                                                              < term >
                                                                < factor >
                                                                  < primary >
                                                                    < atom >
                                                                      < name >
                                                                      </ name >
                                                                    </ atom >
                                                                  </ primary >
                                                                </ factor >
                                                              </ term >
                                                            </ comparison >
                                                          </ not test >
                                                        </ and test >
                                                      </ expr >
                                                    </ subscrpt >
                                                  </ primary suffix >
                                                </ primary >
                                              </ factor >
                                            </ term >
                                          </ comparison >
                                        </ not test >
                                      </ and test >
                                    </ expr >
                                  </ inner expr >
                                </ atom >
                              </ primary >
                              < factor op >
                              </ factor op >
                              < primary >
                                < atom >
                                  < integer >
                                  </ integer >
                                </ atom >
                              </ primary >
                            </ factor >
                          </ term >
                        </ comparison >
                      </ not test >
                    </ and test >
                  </ expr >
  33: 
  34:   return x[11]
                </ assign >
              </ statement >
            </ suite >
          </ for >
        </ statement >
        < statement >
          < return >
            < expr >
              < and test >
                < not test >
                  < comparison >
                    < term >
                      < factor >
                        < primary >
                          < atom >
                            < name >
                            </ name >
                          </ atom >
                          < primary suffix >
                            < subscrpt >
                              < expr >
                                < and test >
                                  < not test >
                                    < comparison >
                                      < term >
                                        < factor >
                                          < primary >
                                            < atom >
                                              < integer >
                                              </ integer >
                                            </ atom >
                                          </ primary >
                                        </ factor >
                                      </ term >
                                    </ comparison >
                                  </ not test >
                                </ and test >
                              </ expr >
                            </ subscrpt >
                          </ primary suffix >
                        </ primary >
                      </ factor >
                    </ term >
                  </ comparison >
                </ not test >
              </ and test >
            </ expr >
  35: 
  36: 
  37: # The main program:
  38: v = float(input("Give a number: "))
          </ return >
        </ statement >
      </ suite >
    </ func def >
  </ statement >
  < statement >
    < assign >
      < name >
      </ name >
      < expr >
        < and test >
          < not test >
            < comparison >
              < term >
                < factor >
                  < primary >
                    < atom >
                      < name >
                      </ name >
                    </ atom >
                    < primary suffix >
                      < argument >
                        < expr >
                          < and test >
                            < not test >
                              < comparison >
                                < term >
                                  < factor >
                                    < primary >
                                      < atom >
                                        < name >
                                        </ name >
                                      </ atom >
                                      < primary suffix >
                                        < argument >
                                          < expr >
                                            < and test >
                                              < not test >
                                                < comparison >
                                                  < term >
                                                    < factor >
                                                      < primary >
                                                        < atom >
                                                          < string >
                                                          </ string >
                                                        </ atom >
                                                      </ primary >
                                                    </ factor >
                                                  </ term >
                                                </ comparison >
                                              </ not test >
                                            </ and test >
                                          </ expr >
                                        </ argument >
                                      </ primary suffix >
                                    </ primary >
                                  </ factor >
                                </ term >
                              </ comparison >
                            </ not test >
                          </ and test >
                        </ expr >
                      </ argument >
                    </ primary suffix >
                  </ primary >
                </ factor >
              </ term >
            </ comparison >
          </ not test >
        </ and test >
      </ expr >
  39: sq2 = sqrt(v)
    </ assign >
  </ statement >
  < statement >
    < assign >
      < name >
      </ name >
      < expr >
        < and test >
          < not test >
            < comparison >
              < term >
                < factor >
                  < primary >
                    < atom >
                      < name >
                      </ name >
                    </ atom >
                    < primary suffix >
                      < argument >
                        < expr >
                          < and test >
                            < not test >
                              < comparison >
                                < term >
                                  < factor >
                                    < primary >
                                      < atom >
                                        < name >
                                        </ name >
                                      </ atom >
                                    </ primary >
                                  </ factor >
                                </ term >
                              </ comparison >
                            </ not test >
                          </ and test >
                        </ expr >
                      </ argument >
                    </ primary suffix >
                  </ primary >
                </ factor >
              </ term >
            </ comparison >
          </ not test >
        </ and test >
      </ expr >
  40: print(sq2, "squared is", pow(sq2,2))
    </ assign >
  </ statement >
  < statement >
    < expr stmt >
      < expr >
        < and test >
          < not test >
            < comparison >
              < term >
                < factor >
                  < primary >
                    < atom >
                      < name >
                      </ name >
                    </ atom >
                    < primary suffix >
                      < argument >
                        < expr >
                          < and test >
                            < not test >
                              < comparison >
                                < term >
                                  < factor >
                                    < primary >
                                      < atom >
                                        < name >
                                        </ name >
                                      </ atom >
                                    </ primary >
                                  </ factor >
                                </ term >
                              </ comparison >
                            </ not test >
                          </ and test >
                        </ expr >
                        < expr >
                          < and test >
                            < not test >
                              < comparison >
                                < term >
                                  < factor >
                                    < primary >
                                      < atom >
                                        < string >
                                        </ string >
                                      </ atom >
                                    </ primary >
                                  </ factor >
                                </ term >
                              </ comparison >
                            </ not test >
                          </ and test >
                        </ expr >
                        < expr >
                          < and test >
                            < not test >
                              < comparison >
                                < term >
                                  < factor >
                                    < primary >
                                      < atom >
                                        < name >
                                        </ name >
                                      </ atom >
                                      < primary suffix >
                                        < argument >
                                          < expr >
                                            < and test >
                                              < not test >
                                                < comparison >
                                                  < term >
                                                    < factor >
                                                      < primary >
                                                        < atom >
                                                          < name >
                                                          </ name >
                                                        </ atom >
                                                      </ primary >
                                                    </ factor >
                                                  </ term >
                                                </ comparison >
                                              </ not test >
                                            </ and test >
                                          </ expr >
                                          < expr >
                                            < and test >
                                              < not test >
                                                < comparison >
                                                  < term >
                                                    < factor >
                                                      < primary >
                                                        < atom >
                                                          < integer >
                                                          </ integer >
                                                        </ atom >
                                                      </ primary >
                                                    </ factor >
                                                  </ term >
                                                </ comparison >
                                              </ not test >
                                            </ and test >
                                          </ expr >
                                        </ argument >
                                      </ primary suffix >
                                    </ primary >
                                  </ factor >
                                </ term >
                              </ comparison >
                            </ not test >
                          </ and test >
                        </ expr >
                      </ argument >
                    </ primary suffix >
                  </ primary >
                </ factor >
              </ term >
            </ comparison >
          </ not test >
        </ and test >
      </ expr >
    </ expr stmt >
  </ statement >
</ program >
PP>  
PP> def pow(ab):
PP>   if b > 1:
PP>     return pow(a, b - 1) * a
PP>   elif b < 1:
PP>     return pow(a, b + 1) / a
PP>   else:
PP>     return a
PP>  
PP>  
PP> def rough_log(x):
PP>   if x > 10:
PP>     return rough_log(x / 10) + 1
PP>   if x <  0.1 :
PP>     return rough_log(x * 10) - 1
PP>   return 1
PP>  
PP>  
PP> def sqrt(v):
PP>   x = [0] * 12
PP>   d = rough_log(v)
PP>   if d % 2 == 1:
PP>     x[0] = pow(2 * 10, (d - 1) // 2)
PP>   else:
PP>     x[0] = pow(6 * 10, (d - 2) // 2)
PP>   for ix in range(0, 11):
PP>     x[ix + 1] = (x[ix] + v / x[ix]) / 2
PP>   return x[11]
PP>  
PP> v = float(input("Give a number: "))
PP> sq2 = sqrt(v)
PP> print(sq2, "squared is", pow(sq2, 2))
