< program >
   1: # I dette uttrykket mangler en høyreparentes:
   2: 
   3: v = ((((((((((1+2+3+4)))))))))
  < statement >
    < assign >
      < name >
      </ name >
      < expr >
        < and test >
          < not test >
            < comparison >
              < term >
                < factor >
                  < primary >
                    < atom >
                      < inner expr >
                        < expr >
                          < and test >
                            < not test >
                              < comparison >
                                < term >
                                  < factor >
                                    < primary >
                                      < atom >
                                        < inner expr >
                                          < expr >
                                            < and test >
                                              < not test >
                                                < comparison >
                                                  < term >
                                                    < factor >
                                                      < primary >
                                                        < atom >
                                                          < inner expr >
                                                            < expr >
                                                              < and test >
                                                                < not test >
                                                                  < comparison >
                                                                    < term >
                                                                      < factor >
                                                                        < primary >
                                                                          < atom >
                                                                            < inner expr >
                                                                              < expr >
                                                                                < and test >
                                                                                  < not test >
                                                                                    < comparison >
                                                                                      < term >
                                                                                        < factor >
                                                                                          < primary >
                                                                                            < atom >
                                                                                              < inner expr >
                                                                                                < expr >
                                                                                                  < and test >
                                                                                                    < not test >
                                                                                                      < comparison >
                                                                                                        < term >
                                                                                                          < factor >
                                                                                                            < primary >
                                                                                                              < atom >
                                                                                                                < inner expr >
                                                                                                                  < expr >
                                                                                                                    < and test >
                                                                                                                      < not test >
                                                                                                                        < comparison >
                                                                                                                          < term >
                                                                                                                            < factor >
                                                                                                                              < primary >
                                                                                                                                < atom >
                                                                                                                                  < inner expr >
                                                                                                                                    < expr >
                                                                                                                                      < and test >
                                                                                                                                        < not test >
                                                                                                                                          < comparison >
                                                                                                                                            < term >
                                                                                                                                              < factor >
                                                                                                                                                < primary >
                                                                                                                                                  < atom >
                                                                                                                                                    < inner expr >
                                                                                                                                                      < expr >
                                                                                                                                                        < and test >
                                                                                                                                                          < not test >
                                                                                                                                                            < comparison >
                                                                                                                                                              < term >
                                                                                                                                                                < factor >
                                                                                                                                                                  < primary >
                                                                                                                                                                    < atom >
                                                                                                                                                                      < inner expr >
                                                                                                                                                                        < expr >
                                                                                                                                                                          < and test >
                                                                                                                                                                            < not test >
                                                                                                                                                                              < comparison >
                                                                                                                                                                                < term >
                                                                                                                                                                                  < factor >
                                                                                                                                                                                    < primary >
                                                                                                                                                                                      < atom >
                                                                                                                                                                                        < inner expr >
                                                                                                                                                                                          < expr >
                                                                                                                                                                                            < and test >
                                                                                                                                                                                              < not test >
                                                                                                                                                                                                < comparison >
                                                                                                                                                                                                  < term >
                                                                                                                                                                                                    < factor >
                                                                                                                                                                                                      < primary >
                                                                                                                                                                                                        < atom >
                                                                                                                                                                                                          < integer >
                                                                                                                                                                                                          </ integer >
                                                                                                                                                                                                        </ atom >
                                                                                                                                                                                                      </ primary >
                                                                                                                                                                                                    </ factor >
                                                                                                                                                                                                    < term op >
                                                                                                                                                                                                    </ term op >
                                                                                                                                                                                                    < factor >
                                                                                                                                                                                                      < primary >
                                                                                                                                                                                                        < atom >
                                                                                                                                                                                                          < integer >
                                                                                                                                                                                                          </ integer >
                                                                                                                                                                                                        </ atom >
                                                                                                                                                                                                      </ primary >
                                                                                                                                                                                                    </ factor >
                                                                                                                                                                                                    < term op >
                                                                                                                                                                                                    </ term op >
                                                                                                                                                                                                    < factor >
                                                                                                                                                                                                      < primary >
                                                                                                                                                                                                        < atom >
                                                                                                                                                                                                          < integer >
                                                                                                                                                                                                          </ integer >
                                                                                                                                                                                                        </ atom >
                                                                                                                                                                                                      </ primary >
                                                                                                                                                                                                    </ factor >
                                                                                                                                                                                                    < term op >
                                                                                                                                                                                                    </ term op >
                                                                                                                                                                                                    < factor >
                                                                                                                                                                                                      < primary >
                                                                                                                                                                                                        < atom >
                                                                                                                                                                                                          < integer >
                                                                                                                                                                                                          </ integer >
                                                                                                                                                                                                        </ atom >
                                                                                                                                                                                                      </ primary >
                                                                                                                                                                                                    </ factor >
                                                                                                                                                                                                  </ term >
                                                                                                                                                                                                </ comparison >
                                                                                                                                                                                              </ not test >
                                                                                                                                                                                            </ and test >
                                                                                                                                                                                          </ expr >
                                                                                                                                                                                        </ inner expr >
                                                                                                                                                                                      </ atom >
                                                                                                                                                                                    </ primary >
                                                                                                                                                                                  </ factor >
                                                                                                                                                                                </ term >
                                                                                                                                                                              </ comparison >
                                                                                                                                                                            </ not test >
                                                                                                                                                                          </ and test >
                                                                                                                                                                        </ expr >
                                                                                                                                                                      </ inner expr >
                                                                                                                                                                    </ atom >
                                                                                                                                                                  </ primary >
                                                                                                                                                                </ factor >
                                                                                                                                                              </ term >
                                                                                                                                                            </ comparison >
                                                                                                                                                          </ not test >
                                                                                                                                                        </ and test >
                                                                                                                                                      </ expr >
                                                                                                                                                    </ inner expr >
                                                                                                                                                  </ atom >
                                                                                                                                                </ primary >
                                                                                                                                              </ factor >
                                                                                                                                            </ term >
                                                                                                                                          </ comparison >
                                                                                                                                        </ not test >
                                                                                                                                      </ and test >
                                                                                                                                    </ expr >
                                                                                                                                  </ inner expr >
                                                                                                                                </ atom >
                                                                                                                              </ primary >
                                                                                                                            </ factor >
                                                                                                                          </ term >
                                                                                                                        </ comparison >
                                                                                                                      </ not test >
                                                                                                                    </ and test >
                                                                                                                  </ expr >
                                                                                                                </ inner expr >
                                                                                                              </ atom >
                                                                                                            </ primary >
                                                                                                          </ factor >
                                                                                                        </ term >
                                                                                                      </ comparison >
                                                                                                    </ not test >
                                                                                                  </ and test >
                                                                                                </ expr >
                                                                                              </ inner expr >
                                                                                            </ atom >
                                                                                          </ primary >
                                                                                        </ factor >
                                                                                      </ term >
                                                                                    </ comparison >
                                                                                  </ not test >
                                                                                </ and test >
                                                                              </ expr >
                                                                            </ inner expr >
                                                                          </ atom >
                                                                        </ primary >
                                                                      </ factor >
                                                                    </ term >
                                                                  </ comparison >
                                                                </ not test >
                                                              </ and test >
                                                            </ expr >
                                                          </ inner expr >
                                                        </ atom >
                                                      </ primary >
                                                    </ factor >
                                                  </ term >
                                                </ comparison >
                                              </ not test >
                                            </ and test >
                                          </ expr >
                                        </ inner expr >
                                      </ atom >
                                    </ primary >
                                  </ factor >
                                </ term >
                              </ comparison >
                            </ not test >
                          </ and test >
                        </ expr >
Asp parser error on line 3: Expected ) but found NEWLINE!
